<?xml version="1.0" encoding="UTF-8"?>
<testng-results ignored="0" total="1" passed="1" failed="0" skipped="0">
  <reporter-output>
  </reporter-output>
  <suite started-at="2024-06-20T21:51:44 IST" name="Default suite" finished-at="2024-06-20T21:52:04 IST" duration-ms="20166">
    <groups>
    </groups>
    <test started-at="2024-06-20T21:51:44 IST" name="Default test" finished-at="2024-06-20T21:52:04 IST" duration-ms="20166">
      <class name="rahulshettyacademy.SubmitOrder">
        <test-method is-config="true" signature="setUp()[pri:0, instance:rahulshettyacademy.SubmitOrder@14cd1699]" started-at="2024-06-20T21:51:44 IST" name="setUp" finished-at="2024-06-20T21:51:47 IST" duration-ms="3118" status="PASS">
          <reporter-output>
          </reporter-output>
        </test-method> <!-- setUp -->
        <test-method signature="submitOrder()[pri:0, instance:rahulshettyacademy.SubmitOrder@14cd1699]" started-at="2024-06-20T21:51:47 IST" name="submitOrder" finished-at="2024-06-20T21:52:04 IST" duration-ms="16507" status="PASS">
          <reporter-output>
          </reporter-output>
        </test-method> <!-- submitOrder -->
        <test-method is-config="true" signature="tearDown()[pri:0, instance:rahulshettyacademy.SubmitOrder@14cd1699]" started-at="2024-06-20T21:52:04 IST" name="tearDown" finished-at="2024-06-20T21:52:04 IST" duration-ms="495" status="PASS">
          <reporter-output>
          </reporter-output>
        </test-method> <!-- tearDown -->
      </class> <!-- rahulshettyacademy.SubmitOrder -->
    </test> <!-- Default test -->
  </suite> <!-- Default suite -->
</testng-results>
